<?xml version="1.0" encoding="UTF-8"?>
<testsuite name="bank.service.BankServiceTest" tests="1" skipped="0" failures="0" errors="0" timestamp="2022-10-16T16:00:11" hostname="LFR046179" time="0.121">
  <properties/>
  <testcase name="CheckOperationTest()" classname="bank.service.BankServiceTest" time="0.121"/>
  <system-out><![CDATA[Operation{date=Sun Oct 16 18:00:11 CEST 2022, wording='Unknown withdrawal', operationType=DEBIT, amount=-200.0}
Operation{date=Sun Oct 16 18:00:11 CEST 2022, wording='Deposit', operationType=CREDIT, amount=2500.0}
Operation{date=Sun Oct 16 18:00:11 CEST 2022, wording='Apartment rent', operationType=DEBIT, amount=-900.0}
Operation{date=Sun Oct 16 18:00:11 CEST 2022, wording='Apero', operationType=DEBIT, amount=-60.0}
]]></system-out>
  <system-err><![CDATA[]]></system-err>
</testsuite>
